I, [2019-10-22T00:57:10.589765 #3507]  INFO -- : {"rack.version"=>[1, 3], "rack.errors"=>#<Rack::Lint::ErrorWrapper:0x0000557fd268d588 @error=#<IO:<STDERR>>>, "rack.multithread"=>true, "rack.multiprocess"=>false, "rack.run_once"=>false, "SCRIPT_NAME"=>"", "QUERY_STRING"=>"", "SERVER_PROTOCOL"=>"HTTP/1.1", "SERVER_SOFTWARE"=>"puma 3.12.1 Llamas in Pajamas", "GATEWAY_INTERFACE"=>"CGI/1.2", "REQUEST_METHOD"=>"GET", "REQUEST_PATH"=>"/tests", "REQUEST_URI"=>"/tests", "HTTP_VERSION"=>"HTTP/1.1", "HTTP_HOST"=>"localhost:9292", "HTTP_USER_AGENT"=>"curl/7.58.0", "HTTP_ACCEPT"=>"*/*", "SERVER_NAME"=>"localhost", "SERVER_PORT"=>"9292", "PATH_INFO"=>"/tests", "REMOTE_ADDR"=>"127.0.0.1", "puma.socket"=>#<TCPSocket:fd 14, AF_INET, 127.0.0.1, 9292>, "rack.hijack?"=>true, "rack.hijack"=>#<Proc:0x0000557fd268d948@/home/artur/.rvm/gems/ruby-2.6.0/gems/rack-2.0.7/lib/rack/lint.rb:525>, "rack.input"=>#<Rack::Lint::InputWrapper:0x0000557fd268d5d8 @input=#<Puma::NullIO:0x0000557fd27ba5a0>>, "rack.url_scheme"=>"http", "rack.after_reply"=>[], "puma.config"=>#<Puma::Configuration:0x0000557fd265b308 @options=#<Puma::UserFileDefaultOptions:0x0000557fd265b150 @user_options={:environment=>"development", :pid=>nil, :Port=>9292, :Host=>"localhost", :AccessLog=>[], :config=>"/home/artur/Thinknetica/Rails/Lessons/Framework/Fork/simpler/config.ru", :log_requests=>false, :binds=>["tcp://localhost:9292"], :app=>#<Rack::ContentLength:0x0000557fd27d8410 @app=#<Rack::Chunked:0x0000557fd27d8460 @app=#<Rack::CommonLogger:0x0000557fd27d84b0 @app=#<Rack::ShowExceptions:0x0000557fd27b79b8 @app=#<Rack::Lint:0x0000557fd27b7a30 @app=#<Rack::TempfileReaper:0x0000557fd27b7a80 @app=#<AppLogger:0x0000557fd1fec008 @logger=#<Logger:0x0000557fd1ffb008 @level=0, @progname=nil, @default_formatter=#<Logger::Formatter:0x0000557fd1ffaf18 @datetime_format=nil>, @formatter=nil, @logdev=#<Logger::LogDevice:0x0000557fd1ffae78 @shift_period_suffix="%Y%m%d", @shift_size=1048576, @shift_age=0, @filename="/home/artur/Thinknetica/Rails/Lessons/Framework/Fork/simpler/log/app.log", @dev=#<File:/home/artur/Thinknetica/Rails/Lessons/Framework/Fork/simpler/log/app.log>, @mon_mutex=#<Thread::Mutex:0x0000557fd1ffabf8>, @mon_mutex_owner_object_id=47003736201020, @mon_owner=nil, @mon_count=0>>, @app=#<Simpler::Application:0x0000557fd26421f0 @router=#<Simpler::Router:0x0000557fd26421c8 @routes=[#<Simpler::Router::Route:0x0000557fd1fe51e0 @method=:get, @path="/tests", @controller=TestsController, @action="index", @params=[]>, #<Simpler::Router::Route:0x0000557fd1fe4650 @method=:get, @path="/tests/new", @controller=TestsController, @action="new", @params=[]>, #<Simpler::Router::Route:0x0000557fd1feff78 @method=:get, @path="/tests/:id", @controller=TestsController, @action="show", @params=[]>, #<Simpler::Router::Route:0x0000557fd1feead8 @method=:post, @path="/tests", @controller=TestsController, @action="create", @params=[]>]>, @db=#<Sequel::SQLite::Database: {"adapter"=>"sqlite", "database"=>#<Pathname:/home/artur/Thinknetica/Rails/Lessons/Framework/Fork/simpler/db/test_guru.sqlite>}>>>>, @content_length=nil>>, @logger=#<IO:<STDERR>>>>>}, @file_options={}, @default_options={:min_threads=>0, :max_threads=>16, :log_requests=>false, :debug=>false, :binds=>["tcp://0.0.0.0:9292"], :workers=>0, :daemon=>false, :mode=>:http, :worker_timeout=>60, :worker_boot_timeout=>60, :worker_shutdown_timeout=>30, :remote_address=>:socket, :tag=>"simpler", :environment=>"development", :rackup=>"config.ru", :logger=>#<IO:<STDOUT>>, :persistent_timeout=>20, :first_data_timeout=>30, :Verbose=>false, :Silent=>false}>, @plugins=#<Puma::PluginLoader:0x0000557fd265b100 @instances=[]>, @user_dsl=#<Puma::DSL:0x0000557fd265afe8 @config=#<Puma::Configuration:0x0000557fd265b308 ...>, @options={:environment=>"development", :pid=>nil, :Port=>9292, :Host=>"localhost", :AccessLog=>[], :config=>"/home/artur/Thinknetica/Rails/Lessons/Framework/Fork/simpler/config.ru", :log_requests=>false, :binds=>["tcp://localhost:9292"], :app=>#<Rack::ContentLength:0x0000557fd27d8410 @app=#<Rack::Chunked:0x0000557fd27d8460 @app=#<Rack::CommonLogger:0x0000557fd27d84b0 @app=#<Rack::ShowExceptions:0x0000557fd27b79b8 @app=#<Rack::Lint:0x0000557fd27b7a30 @app=#<Rack::TempfileReaper:0x0000557fd27b7a80 @app=#<AppLogger:0x0000557fd1fec008 @logger=#<Logger:0x0000557fd1ffb008 @level=0, @progname=nil, @default_formatter=#<Logger::Formatter:0x0000557fd1ffaf18 @datetime_format=nil>, @formatter=nil, @logdev=#<Logger::LogDevice:0x0000557fd1ffae78 @shift_period_suffix="%Y%m%d", @shift_size=1048576, @shift_age=0, @filename="/home/artur/Thinknetica/Rails/Lessons/Framework/Fork/simpler/log/app.log", @dev=#<File:/home/artur/Thinknetica/Rails/Lessons/Framework/Fork/simpler/log/app.log>, @mon_mutex=#<Thread::Mutex:0x0000557fd1ffabf8>, @mon_mutex_owner_object_id=47003736201020, @mon_owner=nil, @mon_count=0>>, @app=#<Simpler::Application:0x0000557fd26421f0 @router=#<Simpler::Router:0x0000557fd26421c8 @routes=[#<Simpler::Router::Route:0x0000557fd1fe51e0 @method=:get, @path="/tests", @controller=TestsController, @action="index", @params=[]>, #<Simpler::Router::Route:0x0000557fd1fe4650 @method=:get, @path="/tests/new", @controller=TestsController, @action="new", @params=[]>, #<Simpler::Router::Route:0x0000557fd1feff78 @method=:get, @path="/tests/:id", @controller=TestsController, @action="show", @params=[]>, #<Simpler::Router::Route:0x0000557fd1feead8 @method=:post, @path="/tests", @controller=TestsController, @action="create", @params=[]>]>, @db=#<Sequel::SQLite::Database: {"adapter"=>"sqlite", "database"=>#<Pathname:/home/artur/Thinknetica/Rails/Lessons/Framework/Fork/simpler/db/test_guru.sqlite>}>>>>, @content_length=nil>>, @logger=#<IO:<STDERR>>>>>}, @plugins=[]>, @file_dsl=#<Puma::DSL:0x0000557fd265aed0 @config=#<Puma::Configuration:0x0000557fd265b308 ...>, @options={}, @plugins=[]>, @default_dsl=#<Puma::DSL:0x0000557fd265ae58 @config=#<Puma::Configuration:0x0000557fd265b308 ...>, @options={:min_threads=>0, :max_threads=>16, :log_requests=>false, :debug=>false, :binds=>["tcp://0.0.0.0:9292"], :workers=>0, :daemon=>false, :mode=>:http, :worker_timeout=>60, :worker_boot_timeout=>60, :worker_shutdown_timeout=>30, :remote_address=>:socket, :tag=>"simpler", :environment=>"development", :rackup=>"config.ru", :logger=>#<IO:<STDOUT>>, :persistent_timeout=>20, :first_data_timeout=>30, :Verbose=>false, :Silent=>false}, @plugins=[]>>, "rack.tempfiles"=>[]}
I, [2019-10-22T01:02:25.820331 #3650]  INFO -- : или по одной
I, [2019-10-22T01:06:27.399944 #3900]  INFO -- : Request: GET /tests
I, [2019-10-22T01:07:03.578311 #3900]  INFO -- : Request: GET /tests
I, [2019-10-22T01:07:53.026974 #4025]  INFO -- : Request: GET /tests?lol=kek
I, [2019-10-22T01:09:45.692444 #4118]  INFO -- : Request: GET /tests?lol=kek
I, [2019-10-22T01:09:45.702342 #4118]  INFO -- : [200, {"Content-Type"=>"text/html", "Content-Length"=>"220"}, #<Rack::BodyProxy:0x000055aed02479b0 @body=#<Rack::Response:0x000055aed025f3f8 @status=200, @header={"Content-Type"=>"text/html", "Content-Length"=>"220"}, @writer=#<Proc:0x000055aed025f1a0@/home/artur/.rvm/gems/ruby-2.6.0/gems/rack-2.0.7/lib/rack/response.rb:32 (lambda)>, @block=nil, @length=220, @body=["<!DOCTYPE html>\n<html>\n  <head>\n    <meta charset=\"utf-8\">\n    <title>Index | Simpler application</title>\n  </head>\n  <body>\n    <h1>Simpler framework at work!</h1>\n\n    <p>2019-10-22 01:09:45 +0300</p>\n  </body>\n</html>"]>, @block=#<Proc:0x000055aed02478c0@/home/artur/.rvm/gems/ruby-2.6.0/gems/rack-2.0.7/lib/rack/response.rb:69>, @closed=false>]
I, [2019-10-22T02:37:44.727417 #6722]  INFO -- : Request: GET /tests?lol=kek
I, [2019-10-22T02:37:44.740102 #6722]  INFO -- : Handler: tests#index
I, [2019-10-22T02:38:50.867714 #6802]  INFO -- : Request: GET /tests?lol=kek
I, [2019-10-22T02:40:14.238708 #6932]  INFO -- : Request: GET /tests?lol=kek
I, [2019-10-22T02:40:14.248579 #6932]  INFO -- : Handler: tests#index
I, [2019-10-22T02:42:11.809529 #7052]  INFO -- : Request: GET /tests?lol=kek
I, [2019-10-22T02:42:11.819928 #7052]  INFO -- : Handler: tests#index
I, [2019-10-22T02:54:11.801987 #7446]  INFO -- : Request: GET /tests?lol=kek
I, [2019-10-22T02:55:11.597563 #7558]  INFO -- : Request: GET /tests?lol=kek
I, [2019-10-22T02:55:11.608557 #7558]  INFO -- : Handler: tests#index
I, [2019-10-22T02:56:50.737135 #7662]  INFO -- : Request: GET /tests?lol=kek
I, [2019-10-22T02:56:50.747115 #7662]  INFO -- : Handler: TestsController#index
I, [2019-10-22T02:57:22.042297 #7734]  INFO -- : Request: GET /tests?lol=kek
I, [2019-10-22T02:57:22.059389 #7734]  INFO -- : Handler: TestsController#index
I, [2019-10-22T02:57:55.036319 #7809]  INFO -- : Request: GET /tests?lol=kek
I, [2019-10-22T03:07:04.392137 #8074]  INFO -- : Request: GET /tests?lol=kek
I, [2019-10-22T03:07:04.404042 #8074]  INFO -- : {"Content-Type"=>"text/html", "Controller#action"=>"TestsController#index", "Content-Length"=>"220"}
I, [2019-10-22T03:08:10.919676 #8161]  INFO -- : Request: GET /tests?lol=kek
I, [2019-10-22T03:08:10.930925 #8161]  INFO -- : Handler: TestsController#index
I, [2019-10-22T03:11:44.625065 #8366]  INFO -- : Request: GET /tests?lol=kek
I, [2019-10-22T03:11:44.635240 #8366]  INFO -- : Handler: TestsController#index
I, [2019-10-22T03:11:44.635418 #8366]  INFO -- : #<Rack::BodyProxy:0x000056150ed90e08 @body=#<Rack::Response:0x000056150ed2c2f0 @status=200, @header={"Content-Type"=>"text/html", "Controller#action"=>"TestsController#index", "Content-Length"=>"220"}, @writer=#<Proc:0x000056150ed2c110@/home/artur/.rvm/gems/ruby-2.6.0/gems/rack-2.0.7/lib/rack/response.rb:32 (lambda)>, @block=nil, @length=220, @body=["<!DOCTYPE html>\n<html>\n  <head>\n    <meta charset=\"utf-8\">\n    <title>Index | Simpler application</title>\n  </head>\n  <body>\n    <h1>Simpler framework at work!</h1>\n\n    <p>2019-10-22 03:11:44 +0300</p>\n  </body>\n</html>"]>, @block=#<Proc:0x000056150ed90db8@/home/artur/.rvm/gems/ruby-2.6.0/gems/rack-2.0.7/lib/rack/response.rb:69>, @closed=false>
I, [2019-10-22T03:33:00.912273 #8915]  INFO -- : Request: GET /tests?lol=kek
I, [2019-10-22T03:33:00.945475 #8915]  INFO -- : Handler: TestsController#index
I, [2019-10-22T03:33:00.946001 #8915]  INFO -- : Parameters: {"lol"=>"kek"}
I, [2019-10-22T03:33:00.946399 #8915]  INFO -- : Response: 200 [text/html testss/index.html.erb
I, [2019-10-22T03:33:37.982971 #8992]  INFO -- : Request: GET /tests?lol=kek
I, [2019-10-22T03:33:38.015992 #8992]  INFO -- : Handler: TestsController#index
I, [2019-10-22T03:33:38.016479 #8992]  INFO -- : Parameters: {"lol"=>"kek"}
I, [2019-10-22T03:33:38.016820 #8992]  INFO -- : Response: 200 [text/html testss/index.html.erb
